<?xml version="1.0" encoding="UTF-8"?>
<coverage generated="1506000696384" clover="3.2.0">
  <project timestamp="1506000696385" name="All files">
    <metrics statements="95" coveredstatements="89" conditionals="6" coveredconditionals="3" methods="27" coveredmethods="25" elements="128" coveredelements="117" complexity="0" loc="95" ncloc="95" packages="11" files="16" classes="16">
      <package name="comics-index">
        <metrics statements="1" coveredstatements="1" conditionals="0" coveredconditionals="0" methods="0" coveredmethods="0"/>
        <file name="setupJest.js" path="/home/aalonso/projetos/comics-index/setupJest.js">
          <metrics statements="1" coveredstatements="1" conditionals="0" coveredconditionals="0" methods="0" coveredmethods="0"/>
          <line num="1" count="11" type="stmt"/>
        </file>
      </package>
      <package name="comics-index.src">
        <metrics statements="3" coveredstatements="3" conditionals="0" coveredconditionals="0" methods="0" coveredmethods="0"/>
        <file name="propTypes.js" path="/home/aalonso/projetos/comics-index/src/propTypes.js">
          <metrics statements="1" coveredstatements="1" conditionals="0" coveredconditionals="0" methods="0" coveredmethods="0"/>
          <line num="3" count="1" type="stmt"/>
        </file>
        <file name="routes.js" path="/home/aalonso/projetos/comics-index/src/routes.js">
          <metrics statements="2" coveredstatements="2" conditionals="0" coveredconditionals="0" methods="0" coveredmethods="0"/>
          <line num="1" count="1" type="stmt"/>
          <line num="6" count="1" type="stmt"/>
        </file>
      </package>
      <package name="comics-index.src.actions">
        <metrics statements="7" coveredstatements="7" conditionals="0" coveredconditionals="0" methods="7" coveredmethods="7"/>
        <file name="auth.js" path="/home/aalonso/projetos/comics-index/src/actions/auth.js">
          <metrics statements="4" coveredstatements="4" conditionals="0" coveredconditionals="0" methods="4" coveredmethods="4"/>
          <line num="2" count="1" type="stmt"/>
          <line num="10" count="2" type="stmt"/>
          <line num="17" count="3" type="stmt"/>
          <line num="24" count="1" type="stmt"/>
        </file>
        <file name="ui.js" path="/home/aalonso/projetos/comics-index/src/actions/ui.js">
          <metrics statements="3" coveredstatements="3" conditionals="0" coveredconditionals="0" methods="3" coveredmethods="3"/>
          <line num="2" count="1" type="stmt"/>
          <line num="8" count="3" type="stmt"/>
          <line num="15" count="5" type="stmt"/>
        </file>
      </package>
      <package name="comics-index.src.api">
        <metrics statements="12" coveredstatements="11" conditionals="0" coveredconditionals="0" methods="3" coveredmethods="3"/>
        <file name="index.js" path="/home/aalonso/projetos/comics-index/src/api/index.js">
          <metrics statements="3" coveredstatements="3" conditionals="0" coveredconditionals="0" methods="1" coveredmethods="1"/>
          <line num="3" count="2" type="stmt"/>
          <line num="6" count="3" type="stmt"/>
          <line num="7" count="3" type="stmt"/>
        </file>
        <file name="users.js" path="/home/aalonso/projetos/comics-index/src/api/users.js">
          <metrics statements="9" coveredstatements="8" conditionals="0" coveredconditionals="0" methods="2" coveredmethods="2"/>
          <line num="2" count="3" type="stmt"/>
          <line num="3" count="3" type="stmt"/>
          <line num="6" count="2" type="stmt"/>
          <line num="7" count="1" type="stmt"/>
          <line num="15" count="1" type="stmt"/>
          <line num="16" count="1" type="stmt"/>
          <line num="17" count="1" type="stmt"/>
          <line num="19" count="1" type="stmt"/>
          <line num="21" count="0" type="stmt"/>
        </file>
      </package>
      <package name="comics-index.src.components">
        <metrics statements="14" coveredstatements="14" conditionals="4" coveredconditionals="2" methods="3" coveredmethods="3"/>
        <file name="MenuComponent.jsx" path="/home/aalonso/projetos/comics-index/src/components/MenuComponent.jsx">
          <metrics statements="14" coveredstatements="14" conditionals="4" coveredconditionals="2" methods="3" coveredmethods="3"/>
          <line num="7" count="1" type="stmt"/>
          <line num="16" count="1" type="stmt"/>
          <line num="35" count="1" type="stmt"/>
          <line num="50" count="1" type="stmt"/>
          <line num="53" count="1" type="cond" truecount="1" falsecount="1"/>
          <line num="65" count="1" type="stmt"/>
          <line num="79" count="1" type="stmt"/>
          <line num="94" count="1" type="stmt"/>
          <line num="105" count="1" type="stmt"/>
          <line num="112" count="1" type="stmt"/>
          <line num="122" count="1" type="stmt"/>
          <line num="130" count="1" type="stmt"/>
          <line num="141" count="4" type="stmt"/>
          <line num="162" count="1" type="stmt"/>
        </file>
      </package>
      <package name="comics-index.src.components.artists">
        <metrics statements="4" coveredstatements="4" conditionals="0" coveredconditionals="0" methods="1" coveredmethods="1"/>
        <file name="ArtistsComponent.jsx" path="/home/aalonso/projetos/comics-index/src/components/artists/ArtistsComponent.jsx">
          <metrics statements="4" coveredstatements="4" conditionals="0" coveredconditionals="0" methods="1" coveredmethods="1"/>
          <line num="7" count="1" type="stmt"/>
          <line num="13" count="1" type="stmt"/>
          <line num="14" count="1" type="stmt"/>
          <line num="26" count="1" type="stmt"/>
        </file>
      </package>
      <package name="comics-index.src.components.authentication">
        <metrics statements="15" coveredstatements="13" conditionals="2" coveredconditionals="1" methods="4" coveredmethods="2"/>
        <file name="LoginComponent.jsx" path="/home/aalonso/projetos/comics-index/src/components/authentication/LoginComponent.jsx">
          <metrics statements="15" coveredstatements="13" conditionals="2" coveredconditionals="1" methods="4" coveredmethods="2"/>
          <line num="5" count="1" type="stmt"/>
          <line num="17" count="1" type="stmt"/>
          <line num="25" count="1" type="stmt"/>
          <line num="32" count="1" type="stmt"/>
          <line num="34" count="1" type="stmt"/>
          <line num="40" count="1" type="stmt"/>
          <line num="46" count="1" type="stmt"/>
          <line num="57" count="1" type="stmt"/>
          <line num="63" count="1" type="stmt"/>
          <line num="64" count="1" type="stmt"/>
          <line num="66" count="1" type="stmt"/>
          <line num="67" count="1" type="stmt"/>
          <line num="76" count="0" type="stmt"/>
          <line num="83" count="0" type="stmt"/>
          <line num="94" count="1" type="stmt"/>
        </file>
      </package>
      <package name="comics-index.src.components.persons">
        <metrics statements="13" coveredstatements="13" conditionals="0" coveredconditionals="0" methods="4" coveredmethods="4"/>
        <file name="PersonComponent.jsx" path="/home/aalonso/projetos/comics-index/src/components/persons/PersonComponent.jsx">
          <metrics statements="9" coveredstatements="9" conditionals="0" coveredconditionals="0" methods="2" coveredmethods="2"/>
          <line num="5" count="4" type="stmt"/>
          <line num="18" count="4" type="stmt"/>
          <line num="22" count="4" type="stmt"/>
          <line num="26" count="4" type="stmt"/>
          <line num="34" count="4" type="stmt"/>
          <line num="41" count="4" type="stmt"/>
          <line num="46" count="7" type="stmt"/>
          <line num="54" count="1" type="stmt"/>
          <line num="60" count="4" type="stmt"/>
        </file>
        <file name="PersonsComponent.jsx" path="/home/aalonso/projetos/comics-index/src/components/persons/PersonsComponent.jsx">
          <metrics statements="4" coveredstatements="4" conditionals="0" coveredconditionals="0" methods="2" coveredmethods="2"/>
          <line num="4" count="3" type="stmt"/>
          <line num="12" count="3" type="stmt"/>
          <line num="13" count="3" type="stmt"/>
          <line num="15" count="6" type="stmt"/>
        </file>
      </package>
      <package name="comics-index.src.components.writters">
        <metrics statements="4" coveredstatements="4" conditionals="0" coveredconditionals="0" methods="1" coveredmethods="1"/>
        <file name="WrittersComponent.jsx" path="/home/aalonso/projetos/comics-index/src/components/writters/WrittersComponent.jsx">
          <metrics statements="4" coveredstatements="4" conditionals="0" coveredconditionals="0" methods="1" coveredmethods="1"/>
          <line num="6" count="1" type="stmt"/>
          <line num="7" count="1" type="stmt"/>
          <line num="19" count="1" type="stmt"/>
          <line num="26" count="1" type="stmt"/>
        </file>
      </package>
      <package name="comics-index.src.lib.ui">
        <metrics statements="5" coveredstatements="5" conditionals="0" coveredconditionals="0" methods="2" coveredmethods="2"/>
        <file name="Jumbotron.jsx" path="/home/aalonso/projetos/comics-index/src/lib/ui/Jumbotron.jsx">
          <metrics statements="5" coveredstatements="5" conditionals="0" coveredconditionals="0" methods="2" coveredmethods="2"/>
          <line num="5" count="2" type="stmt"/>
          <line num="7" count="2" type="stmt"/>
          <line num="16" count="2" type="stmt"/>
          <line num="17" count="2" type="stmt"/>
          <line num="23" count="2" type="stmt"/>
        </file>
      </package>
      <package name="comics-index.src.sagas.auth">
        <metrics statements="17" coveredstatements="14" conditionals="0" coveredconditionals="0" methods="2" coveredmethods="2"/>
        <file name="user_auth.js" path="/home/aalonso/projetos/comics-index/src/sagas/auth/user_auth.js">
          <metrics statements="12" coveredstatements="9" conditionals="0" coveredconditionals="0" methods="1" coveredmethods="1"/>
          <line num="11" count="1" type="stmt"/>
          <line num="12" count="1" type="stmt"/>
          <line num="14" count="1" type="stmt"/>
          <line num="16" count="1" type="stmt"/>
          <line num="17" count="1" type="stmt"/>
          <line num="19" count="1" type="stmt"/>
          <line num="21" count="1" type="stmt"/>
          <line num="22" count="1" type="stmt"/>
          <line num="23" count="1" type="stmt"/>
          <line num="25" count="0" type="stmt"/>
          <line num="26" count="0" type="stmt"/>
          <line num="27" count="0" type="stmt"/>
        </file>
        <file name="user_logout.js" path="/home/aalonso/projetos/comics-index/src/sagas/auth/user_logout.js">
          <metrics statements="5" coveredstatements="5" conditionals="0" coveredconditionals="0" methods="1" coveredmethods="1"/>
          <line num="7" count="2" type="stmt"/>
          <line num="8" count="2" type="stmt"/>
          <line num="9" count="2" type="stmt"/>
          <line num="11" count="2" type="stmt"/>
          <line num="13" count="1" type="stmt"/>
        </file>
      </package>
    </metrics>
  </project>
</coverage>
