{"/home/aalonso/projetos/comics-index/setupJest.js": {"path":"/home/aalonso/projetos/comics-index/setupJest.js","statementMap":{"0":{"start":{"line":1,"column":0},"end":{"line":1,"column":41}}},"fnMap":{},"branchMap":{},"s":{"0":11},"f":{},"b":{},"_coverageSchema":"332fd63041d2c1bcb487cc26dd0d5f7d97098a6c","hash":"7a37d775c37e65032310276da1f8b54fb44aaa26"}
,"/home/aalonso/projetos/comics-index/src/propTypes.js": {"path":"/home/aalonso/projetos/comics-index/src/propTypes.js","statementMap":{"0":{"start":{"line":3,"column":29},"end":{"line":16,"column":1}}},"fnMap":{},"branchMap":{},"s":{"0":1},"f":{},"b":{},"_coverageSchema":"332fd63041d2c1bcb487cc26dd0d5f7d97098a6c","hash":"3193556e0b067b1fdea520c857cd343968deadb8"}
,"/home/aalonso/projetos/comics-index/src/routes.js": {"path":"/home/aalonso/projetos/comics-index/src/routes.js","statementMap":{"0":{"start":{"line":1,"column":21},"end":{"line":4,"column":1}},"1":{"start":{"line":6,"column":25},"end":{"line":26,"column":1}}},"fnMap":{},"branchMap":{},"s":{"0":1,"1":1},"f":{},"b":{},"_coverageSchema":"332fd63041d2c1bcb487cc26dd0d5f7d97098a6c","hash":"ec5661a86d56b4c12f13e5c918ba4760bdfa378f"}
,"/home/aalonso/projetos/comics-index/src/actions/auth.js": {"path":"/home/aalonso/projetos/comics-index/src/actions/auth.js","statementMap":{"0":{"start":{"line":2,"column":4},"end":{"line":6,"column":5}},"1":{"start":{"line":10,"column":4},"end":{"line":13,"column":5}},"2":{"start":{"line":17,"column":4},"end":{"line":20,"column":5}},"3":{"start":{"line":24,"column":4},"end":{"line":26,"column":5}}},"fnMap":{"0":{"name":"set_user_prop","decl":{"start":{"line":1,"column":16},"end":{"line":1,"column":29}},"loc":{"start":{"line":1,"column":43},"end":{"line":7,"column":1}},"line":1},"1":{"name":"user_auth","decl":{"start":{"line":9,"column":16},"end":{"line":9,"column":25}},"loc":{"start":{"line":9,"column":32},"end":{"line":14,"column":1}},"line":9},"2":{"name":"user_auth_success","decl":{"start":{"line":16,"column":16},"end":{"line":16,"column":33}},"loc":{"start":{"line":16,"column":41},"end":{"line":21,"column":1}},"line":16},"3":{"name":"user_logout","decl":{"start":{"line":23,"column":16},"end":{"line":23,"column":27}},"loc":{"start":{"line":23,"column":30},"end":{"line":27,"column":1}},"line":23}},"branchMap":{},"s":{"0":1,"1":2,"2":3,"3":1},"f":{"0":1,"1":2,"2":3,"3":1},"b":{},"_coverageSchema":"332fd63041d2c1bcb487cc26dd0d5f7d97098a6c","hash":"f5baa1896b3a7de6c39f66fa436afaf5844135c4"}
,"/home/aalonso/projetos/comics-index/src/actions/ui.js": {"path":"/home/aalonso/projetos/comics-index/src/actions/ui.js","statementMap":{"0":{"start":{"line":2,"column":4},"end":{"line":4,"column":5}},"1":{"start":{"line":8,"column":4},"end":{"line":11,"column":5}},"2":{"start":{"line":15,"column":4},"end":{"line":18,"column":5}}},"fnMap":{"0":{"name":"toggle_menu_visible","decl":{"start":{"line":1,"column":16},"end":{"line":1,"column":35}},"loc":{"start":{"line":1,"column":38},"end":{"line":5,"column":1}},"line":1},"1":{"name":"something_failed","decl":{"start":{"line":7,"column":16},"end":{"line":7,"column":32}},"loc":{"start":{"line":7,"column":42},"end":{"line":12,"column":1}},"line":7},"2":{"name":"set_loading","decl":{"start":{"line":14,"column":16},"end":{"line":14,"column":27}},"loc":{"start":{"line":14,"column":39},"end":{"line":19,"column":1}},"line":14}},"branchMap":{},"s":{"0":1,"1":3,"2":5},"f":{"0":1,"1":3,"2":5},"b":{},"_coverageSchema":"332fd63041d2c1bcb487cc26dd0d5f7d97098a6c","hash":"201a524eaa8d774c9a488967c6d42d31f1f38acf"}
,"/home/aalonso/projetos/comics-index/src/api/index.js": {"path":"/home/aalonso/projetos/comics-index/src/api/index.js","statementMap":{"0":{"start":{"line":3,"column":16},"end":{"line":3,"column":39}},"1":{"start":{"line":6,"column":4},"end":{"line":6,"column":22}},"2":{"start":{"line":7,"column":4},"end":{"line":7,"column":47}}},"fnMap":{"0":{"name":"Api","decl":{"start":{"line":5,"column":9},"end":{"line":5,"column":12}},"loc":{"start":{"line":5,"column":20},"end":{"line":8,"column":1}},"line":5}},"branchMap":{},"s":{"0":2,"1":3,"2":3},"f":{"0":3},"b":{},"_coverageSchema":"332fd63041d2c1bcb487cc26dd0d5f7d97098a6c","hash":"bd96a307d051f2016945c9f3bc9939786de2de9d"}
,"/home/aalonso/projetos/comics-index/src/api/users.js": {"path":"/home/aalonso/projetos/comics-index/src/api/users.js","statementMap":{"0":{"start":{"line":2,"column":2},"end":{"line":2,"column":35}},"1":{"start":{"line":3,"column":2},"end":{"line":3,"column":20}},"2":{"start":{"line":6,"column":0},"end":{"line":23,"column":1}},"3":{"start":{"line":7,"column":20},"end":{"line":14,"column":3}},"4":{"start":{"line":15,"column":4},"end":{"line":22,"column":5}},"5":{"start":{"line":16,"column":23},"end":{"line":16,"column":57}},"6":{"start":{"line":17,"column":24},"end":{"line":17,"column":45}},"7":{"start":{"line":19,"column":6},"end":{"line":19,"column":18}},"8":{"start":{"line":21,"column":6},"end":{"line":21,"column":21}}},"fnMap":{"0":{"name":"Users","decl":{"start":{"line":1,"column":9},"end":{"line":1,"column":14}},"loc":{"start":{"line":1,"column":31},"end":{"line":4,"column":1}},"line":1},"1":{"name":"fetchToken","decl":{"start":{"line":6,"column":44},"end":{"line":6,"column":54}},"loc":{"start":{"line":6,"column":62},"end":{"line":23,"column":1}},"line":6}},"branchMap":{},"s":{"0":3,"1":3,"2":2,"3":1,"4":1,"5":1,"6":1,"7":1,"8":0},"f":{"0":3,"1":1},"b":{},"_coverageSchema":"332fd63041d2c1bcb487cc26dd0d5f7d97098a6c","hash":"242bc159f93085781b7fe30def875951494a2361"}
,"/home/aalonso/projetos/comics-index/src/components/MenuComponent.jsx": {"path":"/home/aalonso/projetos/comics-index/src/components/MenuComponent.jsx","statementMap":{"0":{"start":{"line":7,"column":15},"end":{"line":14,"column":1}},"1":{"start":{"line":16,"column":14},"end":{"line":33,"column":1}},"2":{"start":{"line":35,"column":18},"end":{"line":48,"column":1}},"3":{"start":{"line":50,"column":13},"end":{"line":63,"column":1}},"4":{"start":{"line":53,"column":28},"end":{"line":53,"column":62}},"5":{"start":{"line":65,"column":18},"end":{"line":77,"column":1}},"6":{"start":{"line":79,"column":13},"end":{"line":92,"column":1}},"7":{"start":{"line":94,"column":19},"end":{"line":103,"column":1}},"8":{"start":{"line":105,"column":18},"end":{"line":110,"column":1}},"9":{"start":{"line":112,"column":21},"end":{"line":119,"column":1}},"10":{"start":{"line":122,"column":22},"end":{"line":160,"column":25}},"11":{"start":{"line":130,"column":0},"end":{"line":159,"column":14}},"12":{"start":{"line":141,"column":20},"end":{"line":146,"column":27}},"13":{"start":{"line":162,"column":0},"end":{"line":162,"column":39}}},"fnMap":{"0":{"name":"(anonymous_0)","decl":{"start":{"line":53,"column":19},"end":{"line":53,"column":20}},"loc":{"start":{"line":53,"column":28},"end":{"line":53,"column":62}},"line":53},"1":{"name":"(anonymous_1)","decl":{"start":{"line":122,"column":22},"end":{"line":122,"column":23}},"loc":{"start":{"line":128,"column":43},"end":{"line":160,"column":25}},"line":128},"2":{"name":"(anonymous_2)","decl":{"start":{"line":140,"column":27},"end":{"line":140,"column":28}},"loc":{"start":{"line":141,"column":20},"end":{"line":146,"column":27}},"line":141}},"branchMap":{"0":{"loc":{"start":{"line":53,"column":28},"end":{"line":53,"column":62}},"type":"cond-expr","locations":[{"start":{"line":53,"column":44},"end":{"line":53,"column":53}},{"start":{"line":53,"column":56},"end":{"line":53,"column":62}}],"line":53},"1":{"loc":{"start":{"line":143,"column":29},"end":{"line":144,"column":64}},"type":"cond-expr","locations":[{"start":{"line":144,"column":29},"end":{"line":144,"column":59}},{"start":{"line":144,"column":62},"end":{"line":144,"column":64}}],"line":143}},"s":{"0":1,"1":1,"2":1,"3":1,"4":1,"5":1,"6":1,"7":1,"8":1,"9":1,"10":1,"11":1,"12":4,"13":1},"f":{"0":1,"1":1,"2":4},"b":{"0":[0,1],"1":[4,0]},"_coverageSchema":"332fd63041d2c1bcb487cc26dd0d5f7d97098a6c","hash":"5d3147f434496830c53c2a4bb1bd57cfd3e8ee2d"}
,"/home/aalonso/projetos/comics-index/src/components/artists/ArtistsComponent.jsx": {"path":"/home/aalonso/projetos/comics-index/src/components/artists/ArtistsComponent.jsx","statementMap":{"0":{"start":{"line":7,"column":19},"end":{"line":12,"column":1}},"1":{"start":{"line":13,"column":25},"end":{"line":24,"column":1}},"2":{"start":{"line":14,"column":4},"end":{"line":23,"column":17}},"3":{"start":{"line":26,"column":0},"end":{"line":33,"column":1}}},"fnMap":{"0":{"name":"(anonymous_0)","decl":{"start":{"line":13,"column":25},"end":{"line":13,"column":26}},"loc":{"start":{"line":14,"column":4},"end":{"line":23,"column":17}},"line":14}},"branchMap":{},"s":{"0":1,"1":1,"2":1,"3":1},"f":{"0":1},"b":{},"_coverageSchema":"332fd63041d2c1bcb487cc26dd0d5f7d97098a6c","hash":"0fd05b11bd2b9827455d115266315cdf368e95f1"}
,"/home/aalonso/projetos/comics-index/src/components/authentication/LoginComponent.jsx": {"path":"/home/aalonso/projetos/comics-index/src/components/authentication/LoginComponent.jsx","statementMap":{"0":{"start":{"line":5,"column":18},"end":{"line":15,"column":1}},"1":{"start":{"line":17,"column":18},"end":{"line":24,"column":1}},"2":{"start":{"line":25,"column":17},"end":{"line":31,"column":1}},"3":{"start":{"line":32,"column":14},"end":{"line":33,"column":1}},"4":{"start":{"line":34,"column":22},"end":{"line":38,"column":1}},"5":{"start":{"line":40,"column":22},"end":{"line":45,"column":1}},"6":{"start":{"line":46,"column":20},"end":{"line":56,"column":1}},"7":{"start":{"line":57,"column":21},"end":{"line":62,"column":1}},"8":{"start":{"line":63,"column":23},"end":{"line":93,"column":7}},"9":{"start":{"line":64,"column":10},"end":{"line":91,"column":22}},"10":{"start":{"line":66,"column":18},"end":{"line":66,"column":36}},"11":{"start":{"line":67,"column":18},"end":{"line":67,"column":32}},"12":{"start":{"line":76,"column":33},"end":{"line":76,"column":77}},"13":{"start":{"line":83,"column":35},"end":{"line":83,"column":79}},"14":{"start":{"line":94,"column":0},"end":{"line":102,"column":1}}},"fnMap":{"0":{"name":"(anonymous_0)","decl":{"start":{"line":63,"column":23},"end":{"line":63,"column":24}},"loc":{"start":{"line":64,"column":10},"end":{"line":91,"column":22}},"line":64},"1":{"name":"(anonymous_1)","decl":{"start":{"line":65,"column":33},"end":{"line":65,"column":34}},"loc":{"start":{"line":65,"column":40},"end":{"line":68,"column":15}},"line":65},"2":{"name":"(anonymous_2)","decl":{"start":{"line":76,"column":26},"end":{"line":76,"column":27}},"loc":{"start":{"line":76,"column":33},"end":{"line":76,"column":77}},"line":76},"3":{"name":"(anonymous_3)","decl":{"start":{"line":83,"column":28},"end":{"line":83,"column":29}},"loc":{"start":{"line":83,"column":35},"end":{"line":83,"column":79}},"line":83}},"branchMap":{"0":{"loc":{"start":{"line":86,"column":19},"end":{"line":86,"column":55}},"type":"cond-expr","locations":[{"start":{"line":86,"column":31},"end":{"line":86,"column":48}},{"start":{"line":86,"column":51},"end":{"line":86,"column":55}}],"line":86}},"s":{"0":1,"1":1,"2":1,"3":1,"4":1,"5":1,"6":1,"7":1,"8":1,"9":1,"10":1,"11":1,"12":0,"13":0,"14":1},"f":{"0":1,"1":1,"2":0,"3":0},"b":{"0":[0,1]},"_coverageSchema":"332fd63041d2c1bcb487cc26dd0d5f7d97098a6c","hash":"ec2cf321165a5615cc9acdd2dea0e4702500dbac"}
,"/home/aalonso/projetos/comics-index/src/components/persons/PersonComponent.jsx": {"path":"/home/aalonso/projetos/comics-index/src/components/persons/PersonComponent.jsx","statementMap":{"0":{"start":{"line":5,"column":18},"end":{"line":17,"column":1}},"1":{"start":{"line":18,"column":28},"end":{"line":21,"column":1}},"2":{"start":{"line":22,"column":19},"end":{"line":25,"column":1}},"3":{"start":{"line":26,"column":26},"end":{"line":33,"column":1}},"4":{"start":{"line":34,"column":17},"end":{"line":40,"column":1}},"5":{"start":{"line":41,"column":24},"end":{"line":58,"column":1}},"6":{"start":{"line":46,"column":4},"end":{"line":57,"column":16}},"7":{"start":{"line":54,"column":29},"end":{"line":54,"column":75}},"8":{"start":{"line":60,"column":0},"end":{"line":67,"column":1}}},"fnMap":{"0":{"name":"(anonymous_0)","decl":{"start":{"line":41,"column":24},"end":{"line":41,"column":25}},"loc":{"start":{"line":46,"column":4},"end":{"line":57,"column":16}},"line":46},"1":{"name":"(anonymous_1)","decl":{"start":{"line":54,"column":22},"end":{"line":54,"column":23}},"loc":{"start":{"line":54,"column":29},"end":{"line":54,"column":75}},"line":54}},"branchMap":{},"s":{"0":4,"1":4,"2":4,"3":4,"4":4,"5":4,"6":7,"7":1,"8":4},"f":{"0":7,"1":1},"b":{},"_coverageSchema":"332fd63041d2c1bcb487cc26dd0d5f7d97098a6c","hash":"324f2a085ff3a71130ffad550f3ec93bd8e566a9"}
,"/home/aalonso/projetos/comics-index/src/components/persons/PersonsComponent.jsx": {"path":"/home/aalonso/projetos/comics-index/src/components/persons/PersonsComponent.jsx","statementMap":{"0":{"start":{"line":4,"column":19},"end":{"line":11,"column":1}},"1":{"start":{"line":12,"column":25},"end":{"line":21,"column":1}},"2":{"start":{"line":13,"column":4},"end":{"line":20,"column":17}},"3":{"start":{"line":15,"column":8},"end":{"line":19,"column":10}}},"fnMap":{"0":{"name":"(anonymous_0)","decl":{"start":{"line":12,"column":25},"end":{"line":12,"column":26}},"loc":{"start":{"line":13,"column":4},"end":{"line":20,"column":17}},"line":13},"1":{"name":"(anonymous_1)","decl":{"start":{"line":14,"column":17},"end":{"line":14,"column":18}},"loc":{"start":{"line":15,"column":8},"end":{"line":19,"column":10}},"line":15}},"branchMap":{},"s":{"0":3,"1":3,"2":3,"3":6},"f":{"0":3,"1":6},"b":{},"_coverageSchema":"332fd63041d2c1bcb487cc26dd0d5f7d97098a6c","hash":"00b159b71e2bcec43b9e1d96c3c234767360edd3"}
,"/home/aalonso/projetos/comics-index/src/components/writters/WrittersComponent.jsx": {"path":"/home/aalonso/projetos/comics-index/src/components/writters/WrittersComponent.jsx","statementMap":{"0":{"start":{"line":6,"column":26},"end":{"line":17,"column":1}},"1":{"start":{"line":7,"column":4},"end":{"line":16,"column":10}},"2":{"start":{"line":19,"column":0},"end":{"line":24,"column":1}},"3":{"start":{"line":26,"column":0},"end":{"line":33,"column":1}}},"fnMap":{"0":{"name":"(anonymous_0)","decl":{"start":{"line":6,"column":26},"end":{"line":6,"column":27}},"loc":{"start":{"line":7,"column":4},"end":{"line":16,"column":10}},"line":7}},"branchMap":{},"s":{"0":1,"1":1,"2":1,"3":1},"f":{"0":1},"b":{},"_coverageSchema":"332fd63041d2c1bcb487cc26dd0d5f7d97098a6c","hash":"217e515874cf28a7e1fddd011a6fcb17ea9ccc95"}
,"/home/aalonso/projetos/comics-index/src/lib/ui/Jumbotron.jsx": {"path":"/home/aalonso/projetos/comics-index/src/lib/ui/Jumbotron.jsx","statementMap":{"0":{"start":{"line":5,"column":14},"end":{"line":15,"column":1}},"1":{"start":{"line":7,"column":37},"end":{"line":7,"column":58}},"2":{"start":{"line":16,"column":18},"end":{"line":21,"column":1}},"3":{"start":{"line":17,"column":4},"end":{"line":19,"column":12}},"4":{"start":{"line":23,"column":0},"end":{"line":26,"column":1}}},"fnMap":{"0":{"name":"(anonymous_0)","decl":{"start":{"line":7,"column":28},"end":{"line":7,"column":29}},"loc":{"start":{"line":7,"column":37},"end":{"line":7,"column":58}},"line":7},"1":{"name":"(anonymous_1)","decl":{"start":{"line":16,"column":18},"end":{"line":16,"column":19}},"loc":{"start":{"line":17,"column":4},"end":{"line":19,"column":12}},"line":17}},"branchMap":{},"s":{"0":2,"1":2,"2":2,"3":2,"4":2},"f":{"0":2,"1":2},"b":{},"_coverageSchema":"332fd63041d2c1bcb487cc26dd0d5f7d97098a6c","hash":"b99c0452403902e710b072bdb4305c5894873d75"}
,"/home/aalonso/projetos/comics-index/src/sagas/auth/user_auth.js": {"path":"/home/aalonso/projetos/comics-index/src/sagas/auth/user_auth.js","statementMap":{"0":{"start":{"line":11,"column":2},"end":{"line":28,"column":3}},"1":{"start":{"line":12,"column":16},"end":{"line":12,"column":25}},"2":{"start":{"line":14,"column":4},"end":{"line":14,"column":32}},"3":{"start":{"line":16,"column":18},"end":{"line":16,"column":76}},"4":{"start":{"line":17,"column":20},"end":{"line":17,"column":33}},"5":{"start":{"line":19,"column":4},"end":{"line":19,"column":31}},"6":{"start":{"line":21,"column":4},"end":{"line":21,"column":39}},"7":{"start":{"line":22,"column":4},"end":{"line":22,"column":33}},"8":{"start":{"line":23,"column":4},"end":{"line":23,"column":27}},"9":{"start":{"line":25,"column":4},"end":{"line":25,"column":22}},"10":{"start":{"line":26,"column":4},"end":{"line":26,"column":33}},"11":{"start":{"line":27,"column":4},"end":{"line":27,"column":46}}},"fnMap":{"0":{"name":"user_auth","decl":{"start":{"line":10,"column":25},"end":{"line":10,"column":34}},"loc":{"start":{"line":10,"column":43},"end":{"line":29,"column":1}},"line":10}},"branchMap":{},"s":{"0":1,"1":1,"2":1,"3":1,"4":1,"5":1,"6":1,"7":1,"8":1,"9":0,"10":0,"11":0},"f":{"0":1},"b":{},"_coverageSchema":"332fd63041d2c1bcb487cc26dd0d5f7d97098a6c","hash":"52cc78fe657b9388bff4c05df27e96beb4c70822"}
,"/home/aalonso/projetos/comics-index/src/sagas/auth/user_logout.js": {"path":"/home/aalonso/projetos/comics-index/src/sagas/auth/user_logout.js","statementMap":{"0":{"start":{"line":7,"column":4},"end":{"line":14,"column":5}},"1":{"start":{"line":8,"column":20},"end":{"line":8,"column":33}},"2":{"start":{"line":9,"column":6},"end":{"line":9,"column":29}},"3":{"start":{"line":11,"column":6},"end":{"line":11,"column":29}},"4":{"start":{"line":13,"column":8},"end":{"line":13,"column":42}}},"fnMap":{"0":{"name":"user_logout","decl":{"start":{"line":6,"column":25},"end":{"line":6,"column":36}},"loc":{"start":{"line":6,"column":39},"end":{"line":15,"column":1}},"line":6}},"branchMap":{},"s":{"0":2,"1":2,"2":2,"3":2,"4":1},"f":{"0":2},"b":{},"_coverageSchema":"332fd63041d2c1bcb487cc26dd0d5f7d97098a6c","hash":"58ad4b46db4c981751c8a22b52fc197e9b7ef9bc"}
}
