TN:
SF:/home/aalonso/projetos/comics-index/setupJest.js
FNF:0
FNH:0
DA:1,11
LF:1
LH:1
BRF:0
BRH:0
end_of_record
TN:
SF:/home/aalonso/projetos/comics-index/src/propTypes.js
FNF:0
FNH:0
DA:3,1
LF:1
LH:1
BRF:0
BRH:0
end_of_record
TN:
SF:/home/aalonso/projetos/comics-index/src/routes.js
FNF:0
FNH:0
DA:1,1
DA:6,1
LF:2
LH:2
BRF:0
BRH:0
end_of_record
TN:
SF:/home/aalonso/projetos/comics-index/src/actions/auth.js
FN:1,set_user_prop
FN:9,user_auth
FN:16,user_auth_success
FN:23,user_logout
FNF:4
FNH:4
FNDA:1,set_user_prop
FNDA:2,user_auth
FNDA:3,user_auth_success
FNDA:1,user_logout
DA:2,1
DA:10,2
DA:17,3
DA:24,1
LF:4
LH:4
BRF:0
BRH:0
end_of_record
TN:
SF:/home/aalonso/projetos/comics-index/src/actions/ui.js
FN:1,toggle_menu_visible
FN:7,something_failed
FN:14,set_loading
FNF:3
FNH:3
FNDA:1,toggle_menu_visible
FNDA:3,something_failed
FNDA:5,set_loading
DA:2,1
DA:8,3
DA:15,5
LF:3
LH:3
BRF:0
BRH:0
end_of_record
TN:
SF:/home/aalonso/projetos/comics-index/src/api/index.js
FN:5,Api
FNF:1
FNH:1
FNDA:3,Api
DA:3,2
DA:6,3
DA:7,3
LF:3
LH:3
BRF:0
BRH:0
end_of_record
TN:
SF:/home/aalonso/projetos/comics-index/src/api/users.js
FN:1,Users
FN:6,fetchToken
FNF:2
FNH:2
FNDA:3,Users
FNDA:1,fetchToken
DA:2,3
DA:3,3
DA:6,2
DA:7,1
DA:15,1
DA:16,1
DA:17,1
DA:19,1
DA:21,0
LF:9
LH:8
BRF:0
BRH:0
end_of_record
TN:
SF:/home/aalonso/projetos/comics-index/src/components/MenuComponent.jsx
FN:53,(anonymous_0)
FN:122,(anonymous_1)
FN:140,(anonymous_2)
FNF:3
FNH:3
FNDA:1,(anonymous_0)
FNDA:1,(anonymous_1)
FNDA:4,(anonymous_2)
DA:7,1
DA:16,1
DA:35,1
DA:50,1
DA:53,1
DA:65,1
DA:79,1
DA:94,1
DA:105,1
DA:112,1
DA:122,1
DA:130,1
DA:141,4
DA:162,1
LF:14
LH:14
BRDA:53,0,0,0
BRDA:53,0,1,1
BRDA:143,1,0,4
BRDA:143,1,1,0
BRF:4
BRH:2
end_of_record
TN:
SF:/home/aalonso/projetos/comics-index/src/components/artists/ArtistsComponent.jsx
FN:13,(anonymous_0)
FNF:1
FNH:1
FNDA:1,(anonymous_0)
DA:7,1
DA:13,1
DA:14,1
DA:26,1
LF:4
LH:4
BRF:0
BRH:0
end_of_record
TN:
SF:/home/aalonso/projetos/comics-index/src/components/authentication/LoginComponent.jsx
FN:63,(anonymous_0)
FN:65,(anonymous_1)
FN:76,(anonymous_2)
FN:83,(anonymous_3)
FNF:4
FNH:2
FNDA:1,(anonymous_0)
FNDA:1,(anonymous_1)
FNDA:0,(anonymous_2)
FNDA:0,(anonymous_3)
DA:5,1
DA:17,1
DA:25,1
DA:32,1
DA:34,1
DA:40,1
DA:46,1
DA:57,1
DA:63,1
DA:64,1
DA:66,1
DA:67,1
DA:76,0
DA:83,0
DA:94,1
LF:15
LH:13
BRDA:86,0,0,0
BRDA:86,0,1,1
BRF:2
BRH:1
end_of_record
TN:
SF:/home/aalonso/projetos/comics-index/src/components/persons/PersonComponent.jsx
FN:41,(anonymous_0)
FN:54,(anonymous_1)
FNF:2
FNH:2
FNDA:7,(anonymous_0)
FNDA:1,(anonymous_1)
DA:5,4
DA:18,4
DA:22,4
DA:26,4
DA:34,4
DA:41,4
DA:46,7
DA:54,1
DA:60,4
LF:9
LH:9
BRF:0
BRH:0
end_of_record
TN:
SF:/home/aalonso/projetos/comics-index/src/components/persons/PersonsComponent.jsx
FN:12,(anonymous_0)
FN:14,(anonymous_1)
FNF:2
FNH:2
FNDA:3,(anonymous_0)
FNDA:6,(anonymous_1)
DA:4,3
DA:12,3
DA:13,3
DA:15,6
LF:4
LH:4
BRF:0
BRH:0
end_of_record
TN:
SF:/home/aalonso/projetos/comics-index/src/components/writters/WrittersComponent.jsx
FN:6,(anonymous_0)
FNF:1
FNH:1
FNDA:1,(anonymous_0)
DA:6,1
DA:7,1
DA:19,1
DA:26,1
LF:4
LH:4
BRF:0
BRH:0
end_of_record
TN:
SF:/home/aalonso/projetos/comics-index/src/lib/ui/Jumbotron.jsx
FN:7,(anonymous_0)
FN:16,(anonymous_1)
FNF:2
FNH:2
FNDA:2,(anonymous_0)
FNDA:2,(anonymous_1)
DA:5,2
DA:7,2
DA:16,2
DA:17,2
DA:23,2
LF:5
LH:5
BRF:0
BRH:0
end_of_record
TN:
SF:/home/aalonso/projetos/comics-index/src/sagas/auth/user_auth.js
FN:10,user_auth
FNF:1
FNH:1
FNDA:1,user_auth
DA:11,1
DA:12,1
DA:14,1
DA:16,1
DA:17,1
DA:19,1
DA:21,1
DA:22,1
DA:23,1
DA:25,0
DA:26,0
DA:27,0
LF:12
LH:9
BRF:0
BRH:0
end_of_record
TN:
SF:/home/aalonso/projetos/comics-index/src/sagas/auth/user_logout.js
FN:6,user_logout
FNF:1
FNH:1
FNDA:2,user_logout
DA:7,2
DA:8,2
DA:9,2
DA:11,2
DA:13,1
LF:5
LH:5
BRF:0
BRH:0
end_of_record
